{
  "stats": {
    "suites": 1,
    "tests": 1,
    "passes": 0,
    "pending": 0,
    "failures": 1,
    "start": "2026-06-22T11:34:50.989Z",
    "end": "2026-06-22T11:34:57.101Z",
    "duration": 6112,
    "testsRegistered": 1,
    "passPercent": 0,
    "pendingPercent": 0,
    "other": 0,
    "hasOther": false,
    "skipped": 0,
    "hasSkipped": false
  },
  "results": [
    {
      "uuid": "dc677e41-a75f-41e1-b831-73a4dc2a84e5",
      "title": "",
      "fullFile": "C:\\PRISKILA FILES\\DIGITALSKOLA\\WEB-AUTOMATION\\test\\test-sauce.js",
      "file": "\\test\\test-sauce.js",
      "beforeHooks": [],
      "afterHooks": [],
      "tests": [],
      "suites": [
        {
          "uuid": "91d279fb-4770-4b66-9d05-4d3fb0ed9f11",
          "title": "Google Search Test",
          "fullFile": "C:\\PRISKILA FILES\\DIGITALSKOLA\\WEB-AUTOMATION\\test\\test-sauce.js",
          "file": "\\test\\test-sauce.js",
          "beforeHooks": [],
          "afterHooks": [],
          "tests": [
            {
              "title": "Visit SauceDemo dan cek page title",
              "fullTitle": "Google Search Test Visit SauceDemo dan cek page title",
              "timedOut": true,
              "duration": 6091,
              "state": "failed",
              "speed": null,
              "pass": false,
              "fail": true,
              "pending": false,
              "context": null,
              "code": "driver = await new Builder().forBrowser('chrome').build();\nawait driver.get('https://www.saucedemo.com');\nlet inputUsername = await driver.findElement(By.css('[data-test=\"username\"]'))\nlet inputPassword = await driver.findElement(By.xpath('//*[@data-test=\"password\"]') )\nlet buttonLogin = await driver.findElement(By.className(\"submit-button btn_action\"))\nawait inputUsername.sendKeys(\"standard_user\")\nawait inputPassword.sendKeys(\"secret_sauce\")\nawait buttonLogin.click()\nlet title = await driver.getTitle()\nassert.strictEqual(title, 'Swag Labs');\nlet buttonCart = await driver.wait(\n    until.elementLocated(By.xpath('//*[@data-test=\"shopping-cart-link\"]')),\n10000\n);\nawait driver.wait(until.elementIsVisible(buttonCart), 5000, 'Shopping cart harus tampil');\nawait buttonCart.isDisplayed();\nlet dropdownSort = await driver.findElement(By.xpath('//select[@data-test=\"product-sort-container\"]'));\nlet sortZtoA = await driver.findElement(By.xpath('//option[@value=\"za\"]'));\n\nawait dropdownSort.click();\nawait driver.sleep(1000)\nawait sortZtoA.click();\nawait driver.sleep(1000)\nawait driver.quit();",
              "err": {
                "message": "Error: Timeout of 6000ms exceeded. For async tests and hooks, ensure \"done()\" is called; if returning a Promise, ensure it resolves. (C:\\PRISKILA FILES\\DIGITALSKOLA\\WEB-AUTOMATION\\test\\test-sauce.js)",
                "estack": "Error: Timeout of 6000ms exceeded. For async tests and hooks, ensure \"done()\" is called; if returning a Promise, ensure it resolves. (C:\\PRISKILA FILES\\DIGITALSKOLA\\WEB-AUTOMATION\\test\\test-sauce.js)\n    at listOnTimeout (node:internal/timers:605:17)\n    at process.processTimers (node:internal/timers:541:7)",
                "diff": null
              },
              "uuid": "2364afb8-ec03-4f92-8d69-0b17b9a815ce",
              "parentUUID": "91d279fb-4770-4b66-9d05-4d3fb0ed9f11",
              "isHook": false,
              "skipped": false
            }
          ],
          "suites": [],
          "passes": [],
          "failures": [
            "2364afb8-ec03-4f92-8d69-0b17b9a815ce"
          ],
          "pending": [],
          "skipped": [],
          "duration": 6091,
          "root": false,
          "rootEmpty": false,
          "_timeout": 6000
        }
      ],
      "passes": [],
      "failures": [],
      "pending": [],
      "skipped": [],
      "duration": 0,
      "root": true,
      "rootEmpty": true,
      "_timeout": 6000
    }
  ],
  "meta": {
    "mocha": {
      "version": "10.8.2"
    },
    "mochawesome": {
      "options": {
        "quiet": false,
        "reportFilename": "mochawesome",
        "saveHtml": true,
        "saveJson": true,
        "consoleReporter": "spec",
        "useInlineDiffs": false,
        "code": true
      },
      "version": "7.1.4"
    },
    "marge": {
      "options": null,
      "version": "6.3.2"
    }
  }
}